{
  "uid" : "8b12e4320ed4eb33",
  "name" : "testContactModification",
  "title" : "Test contact modification",
  "time" : {
    "start" : 1497985553661,
    "stop" : 1497985556120,
    "duration" : 2459
  },
  "summary" : {
    "attachments" : 0,
    "steps" : 0
  },
  "failure" : {
    "message" : "NoSuchElementException: no such element: Unable to locate element: {\"method\":\"link text\",\"selector\":\"home page\"}\n  (Session info: chrome=58.0.3029.110)\n  (Driver info: chromedriver=2.29.461591 (62ebf098771772160f391d75e589dc567915b233),platform=Windows NT 6.1.7601 SP1 x86_64) (WARNING: The server did not provide any stacktrace information)\nCommand duration or timeout: 11 milliseconds\nFor documentation on this error, please visit: http://seleniumhq.org/exceptions/no_such_element.html\nBuild info: version: '3.4.0', revision: 'unknown', time: 'unknown'\nSystem info: host: 'AANUKEVICH', ip: '192.168.56.1', os.name: 'Windows 7', os.arch: 'amd64', os.version: '6.1', java.version: '1.8.0_121'\nDriver info: org.openqa.selenium.chrome.ChromeDriver\nCapabilities [{applicationCacheEnabled=false, rotatable=false, mobileEmulationEnabled=false, networkConnectionEnabled=false, chrome={chromedriverVersion=2.29.461591 (62ebf098771772160f391d75e589dc567915b233), userDataDir=C:\\Users\\ANATOL~1.ANU\\AppData\\Local\\Temp\\scoped_dir10668_20331}, takesHeapSnapshot=true, pageLoadStrategy=normal, databaseEnabled=false, handlesAlerts=true, hasTouchScreen=false, version=58.0.3029.110, platform=XP, browserConnectionEnabled=false, nativeEvents=true, acceptSslCerts=true, locationContextEnabled=true, webStorageEnabled=true, browserName=chrome, takesScreenshot=true, javascriptEnabled=true, cssSelectorsEnabled=true, unexpectedAlertBehaviour=}]\nSession ID: 2abaec19ef8bd5dae4ba0f684a2f4e7d\n*** Element info: {Using=link text, value=home page}",
    "stackTrace" : "org.openqa.selenium.NoSuchElementException: no such element: Unable to locate element: {\"method\":\"link text\",\"selector\":\"home page\"}\n  (Session info: chrome=58.0.3029.110)\n  (Driver info: chromedriver=2.29.461591 (62ebf098771772160f391d75e589dc567915b233),platform=Windows NT 6.1.7601 SP1 x86_64) (WARNING: The server did not provide any stacktrace information)\nCommand duration or timeout: 11 milliseconds\nFor documentation on this error, please visit: http://seleniumhq.org/exceptions/no_such_element.html\nBuild info: version: '3.4.0', revision: 'unknown', time: 'unknown'\nSystem info: host: 'AANUKEVICH', ip: '192.168.56.1', os.name: 'Windows 7', os.arch: 'amd64', os.version: '6.1', java.version: '1.8.0_121'\nDriver info: org.openqa.selenium.chrome.ChromeDriver\nCapabilities [{applicationCacheEnabled=false, rotatable=false, mobileEmulationEnabled=false, networkConnectionEnabled=false, chrome={chromedriverVersion=2.29.461591 (62ebf098771772160f391d75e589dc567915b233), userDataDir=C:\\Users\\ANATOL~1.ANU\\AppData\\Local\\Temp\\scoped_dir10668_20331}, takesHeapSnapshot=true, pageLoadStrategy=normal, databaseEnabled=false, handlesAlerts=true, hasTouchScreen=false, version=58.0.3029.110, platform=XP, browserConnectionEnabled=false, nativeEvents=true, acceptSslCerts=true, locationContextEnabled=true, webStorageEnabled=true, browserName=chrome, takesScreenshot=true, javascriptEnabled=true, cssSelectorsEnabled=true, unexpectedAlertBehaviour=}]\nSession ID: 2abaec19ef8bd5dae4ba0f684a2f4e7d\n*** Element info: {Using=link text, value=home page}\n\tat sun.reflect.NativeConstructorAccessorImpl.newInstance0(Native Method)\n\tat sun.reflect.NativeConstructorAccessorImpl.newInstance(NativeConstructorAccessorImpl.java:62)\n\tat sun.reflect.DelegatingConstructorAccessorImpl.newInstance(DelegatingConstructorAccessorImpl.java:45)\n\tat java.lang.reflect.Constructor.newInstance(Constructor.java:423)\n\tat org.openqa.selenium.remote.ErrorHandler.createThrowable(ErrorHandler.java:215)\n\tat org.openqa.selenium.remote.ErrorHandler.throwIfResponseFailed(ErrorHandler.java:167)\n\tat org.openqa.selenium.remote.RemoteWebDriver.execute(RemoteWebDriver.java:671)\n\tat org.openqa.selenium.remote.RemoteWebDriver.findElement(RemoteWebDriver.java:410)\n\tat org.openqa.selenium.remote.RemoteWebDriver.findElementByLinkText(RemoteWebDriver.java:461)\n\tat org.openqa.selenium.By$ByLinkText.findElement(By.java:246)\n\tat org.openqa.selenium.remote.RemoteWebDriver.findElement(RemoteWebDriver.java:402)\n\tat ru.anatoli.addressbook.appmanager.HelperBase.click(HelperBase.java:21)\n\tat ru.anatoli.addressbook.appmanager.ContactHelper.returnToHomePage(ContactHelper.java:29)\n\tat ru.anatoli.addressbook.appmanager.ContactHelper.modifyContact(ContactHelper.java:121)\n\tat ru.anatoli.addressbook.tests.ContactModificationTests.testContactModification(ContactModificationTests.java:68)\n\tat sun.reflect.NativeMethodAccessorImpl.invoke0(Native Method)\n\tat sun.reflect.NativeMethodAccessorImpl.invoke(NativeMethodAccessorImpl.java:62)\n\tat sun.reflect.DelegatingMethodAccessorImpl.invoke(DelegatingMethodAccessorImpl.java:43)\n\tat java.lang.reflect.Method.invoke(Method.java:498)\n\tat org.testng.internal.MethodInvocationHelper.invokeMethod(MethodInvocationHelper.java:108)\n\tat org.testng.internal.Invoker.invokeMethod(Invoker.java:661)\n\tat org.testng.internal.Invoker.invokeTestMethod(Invoker.java:869)\n\tat org.testng.internal.Invoker.invokeTestMethods(Invoker.java:1193)\n\tat org.testng.internal.TestMethodWorker.invokeTestMethods(TestMethodWorker.java:126)\n\tat org.testng.internal.TestMethodWorker.run(TestMethodWorker.java:109)\n\tat org.testng.TestRunner.privateRun(TestRunner.java:744)\n\tat org.testng.TestRunner.run(TestRunner.java:602)\n\tat org.testng.SuiteRunner.runTest(SuiteRunner.java:380)\n\tat org.testng.SuiteRunner.runSequentially(SuiteRunner.java:375)\n\tat org.testng.SuiteRunner.privateRun(SuiteRunner.java:340)\n\tat org.testng.SuiteRunner.run(SuiteRunner.java:289)\n\tat org.testng.SuiteRunnerWorker.runSuite(SuiteRunnerWorker.java:52)\n\tat org.testng.SuiteRunnerWorker.run(SuiteRunnerWorker.java:86)\n\tat org.testng.TestNG.runSuitesSequentially(TestNG.java:1301)\n\tat org.testng.TestNG.runSuitesLocally(TestNG.java:1226)\n\tat org.testng.TestNG.runSuites(TestNG.java:1144)\n\tat org.testng.TestNG.run(TestNG.java:1115)\n\tat org.testng.IDEARemoteTestNG.run(IDEARemoteTestNG.java:72)\n\tat org.testng.RemoteTestNGStarter.main(RemoteTestNGStarter.java:127)\n\tat sun.reflect.NativeMethodAccessorImpl.invoke0(Native Method)\n\tat sun.reflect.NativeMethodAccessorImpl.invoke(NativeMethodAccessorImpl.java:62)\n\tat sun.reflect.DelegatingMethodAccessorImpl.invoke(DelegatingMethodAccessorImpl.java:43)\n\tat java.lang.reflect.Method.invoke(Method.java:498)\n\tat com.intellij.rt.execution.application.AppMain.main(AppMain.java:147)\n"
  },
  "description" : null,
  "severity" : "NORMAL",
  "status" : "BROKEN",
  "suite" : {
    "uid" : "691fbe6ad482a3e",
    "name" : "Suite1",
    "title" : "Suite 1"
  },
  "steps" : [ ],
  "attachments" : [ ],
  "issues" : [ ],
  "testIds" : [ ],
  "labels" : [ {
    "name" : "suite-name",
    "value" : "Suite1"
  }, {
    "name" : "suite-title",
    "value" : null
  } ],
  "parameters" : [ ]
}